<?xml version="1.0" encoding="UTF-8"?>
<!-- Generated by org.testng.reporters.JUnitReportReporter -->
<testsuite hostname="Himanshu-PC" failures="0" tests="1" name="TestCRM" time="55.666" errors="0" timestamp="22 Jun 2018 05:34:56 GMT" skipped="0">
  <testcase classname="TestCRM" name="loginCrm" time="55.666"/>
</testsuite> <!-- TestCRM -->
